Mon Apr 04 17:03:19 IST 2016  [debug] AvalonLogSystem initialized using logfile 'velocity.log'
Mon Apr 04 17:03:19 IST 2016   [info] ************************************************************** 
Mon Apr 04 17:03:19 IST 2016   [info] Starting Jakarta Velocity v1.4
Mon Apr 04 17:03:19 IST 2016   [info] RuntimeInstance initializing.
Mon Apr 04 17:03:19 IST 2016   [info] Default Properties File: org\apache\velocity\runtime\defaults\velocity.properties
Mon Apr 04 17:03:19 IST 2016   [info] Trying to use logger class org.apache.velocity.runtime.log.AvalonLogSystem
Mon Apr 04 17:03:19 IST 2016   [info] Using logger class org.apache.velocity.runtime.log.AvalonLogSystem
Mon Apr 04 17:03:19 IST 2016   [info] Default ResourceManager initializing. (class org.apache.velocity.runtime.resource.ResourceManagerImpl)
Mon Apr 04 17:03:19 IST 2016   [info] Resource Loader Instantiated: org.apache.velocity.runtime.resource.loader.ClasspathResourceLoader
Mon Apr 04 17:03:19 IST 2016   [info] ClasspathResourceLoader : initialization starting.
Mon Apr 04 17:03:19 IST 2016   [info] ClasspathResourceLoader : initialization complete.
Mon Apr 04 17:03:19 IST 2016   [info] ResourceCache : initialized. (class org.apache.velocity.runtime.resource.ResourceCacheImpl)
Mon Apr 04 17:03:19 IST 2016   [info] Default ResourceManager initialization complete.
Mon Apr 04 17:03:19 IST 2016   [info] Loaded System Directive: org.apache.velocity.runtime.directive.Literal
Mon Apr 04 17:03:19 IST 2016   [info] Loaded System Directive: org.apache.velocity.runtime.directive.Macro
Mon Apr 04 17:03:19 IST 2016   [info] Loaded System Directive: org.apache.velocity.runtime.directive.Parse
Mon Apr 04 17:03:19 IST 2016   [info] Loaded System Directive: org.apache.velocity.runtime.directive.Include
Mon Apr 04 17:03:19 IST 2016   [info] Loaded System Directive: org.apache.velocity.runtime.directive.Foreach
Mon Apr 04 17:03:19 IST 2016   [info] Created: 20 parsers.
Mon Apr 04 17:03:19 IST 2016   [info] Velocimacro : initialization starting.
Mon Apr 04 17:03:19 IST 2016   [info] Velocimacro : adding VMs from VM library template : VM_global_library.vm
Mon Apr 04 17:03:19 IST 2016  [error] ResourceManager : unable to find resource 'VM_global_library.vm' in any resource loader.
Mon Apr 04 17:03:19 IST 2016   [info] Velocimacro : error using  VM library template VM_global_library.vm : org.apache.velocity.exception.ResourceNotFoundException: Unable to find resource 'VM_global_library.vm'
Mon Apr 04 17:03:19 IST 2016   [info] Velocimacro :  VM library template macro registration complete.
Mon Apr 04 17:03:19 IST 2016   [info] Velocimacro : allowInline = true : VMs can be defined inline in templates
Mon Apr 04 17:03:19 IST 2016   [info] Velocimacro : allowInlineToOverride = false : VMs defined inline may NOT replace previous VM definitions
Mon Apr 04 17:03:19 IST 2016   [info] Velocimacro : allowInlineLocal = false : VMs defined inline will be  global in scope if allowed.
Mon Apr 04 17:03:19 IST 2016   [info] Velocimacro : messages on  : VM system will output logging messages
Mon Apr 04 17:03:19 IST 2016   [info] Velocimacro : autoload off  : VM system will not automatically reload global library macros
Mon Apr 04 17:03:19 IST 2016   [info] Velocimacro : initialization complete.
Mon Apr 04 17:03:19 IST 2016   [info] Velocity successfully started.
Mon Apr 04 17:03:34 IST 2016   [info] ResourceManager : found org/uncommons/reportng/templates/html/index.html.vm with loader org.apache.velocity.runtime.resource.loader.ClasspathResourceLoader
Mon Apr 04 17:03:34 IST 2016   [info] ResourceManager : found org/uncommons/reportng/templates/html/overview.html.vm with loader org.apache.velocity.runtime.resource.loader.ClasspathResourceLoader
Mon Apr 04 17:03:34 IST 2016   [info] ResourceManager : found org/uncommons/reportng/templates/html/suites.html.vm with loader org.apache.velocity.runtime.resource.loader.ClasspathResourceLoader
Mon Apr 04 17:03:34 IST 2016   [info] ResourceManager : found org/uncommons/reportng/templates/html/groups.html.vm with loader org.apache.velocity.runtime.resource.loader.ClasspathResourceLoader
Mon Apr 04 17:03:34 IST 2016   [info] ResourceManager : found org/uncommons/reportng/templates/html/results.html.vm with loader org.apache.velocity.runtime.resource.loader.ClasspathResourceLoader
Mon Apr 04 17:03:34 IST 2016   [info] ResourceManager : found org/uncommons/reportng/templates/html/class-results.html.vm with loader org.apache.velocity.runtime.resource.loader.ClasspathResourceLoader
Mon Apr 04 17:03:34 IST 2016   [info] ResourceManager : found org/uncommons/reportng/templates/html/output.html.vm with loader org.apache.velocity.runtime.resource.loader.ClasspathResourceLoader
Mon Apr 04 17:03:34 IST 2016   [info] ResourceManager : found org/uncommons/reportng/templates/xml/results.xml.vm with loader org.apache.velocity.runtime.resource.loader.ClasspathResourceLoader
